May 02, 2017 10:49:53 AM com.google.api.client.http.HttpRequest execute
WARNING: exception thrown while executing request
javax.net.ssl.SSLHandshakeException: sun.security.validator.ValidatorException: PKIX path building failed: sun.security.provider.certpath.SunCertPathBuilderException: unable to find valid certification path to requested target
	at sun.security.ssl.Alerts.getSSLException(Unknown Source)
	at sun.security.ssl.SSLSocketImpl.fatal(Unknown Source)
	at sun.security.ssl.Handshaker.fatalSE(Unknown Source)
	at sun.security.ssl.Handshaker.fatalSE(Unknown Source)
	at sun.security.ssl.ClientHandshaker.serverCertificate(Unknown Source)
	at sun.security.ssl.ClientHandshaker.processMessage(Unknown Source)
	at sun.security.ssl.Handshaker.processLoop(Unknown Source)
	at sun.security.ssl.Handshaker.process_record(Unknown Source)
	at sun.security.ssl.SSLSocketImpl.readRecord(Unknown Source)
	at sun.security.ssl.SSLSocketImpl.performInitialHandshake(Unknown Source)
	at sun.security.ssl.SSLSocketImpl.startHandshake(Unknown Source)
	at sun.security.ssl.SSLSocketImpl.startHandshake(Unknown Source)
	at sun.net.www.protocol.https.HttpsClient.afterConnect(Unknown Source)
	at sun.net.www.protocol.https.AbstractDelegateHttpsURLConnection.connect(Unknown Source)
	at sun.net.www.protocol.https.HttpsURLConnectionImpl.connect(Unknown Source)
	at com.google.api.client.http.javanet.NetHttpRequest.execute(NetHttpRequest.java:93)
	at com.google.api.client.http.HttpRequest.execute(HttpRequest.java:981)
	at com.google.api.client.googleapis.services.AbstractGoogleClientRequest.executeUnparsed(AbstractGoogleClientRequest.java:419)
	at com.google.api.client.googleapis.services.AbstractGoogleClientRequest.executeUnparsed(AbstractGoogleClientRequest.java:352)
	at com.google.api.client.googleapis.services.AbstractGoogleClientRequest.execute(AbstractGoogleClientRequest.java:469)
	at com.google.cloud.hadoop.util.ResilientOperation$AbstractGoogleClientRequestExecutor.call(ResilientOperation.java:166)
	at com.google.cloud.hadoop.util.ResilientOperation.retry(ResilientOperation.java:66)
	at com.google.cloud.dataflow.sdk.util.GcsUtil.bucketExists(GcsUtil.java:363)
	at com.google.cloud.dataflow.sdk.util.GcsUtil.bucketExists(GcsUtil.java:347)
	at com.google.cloud.dataflow.sdk.util.DataflowPathValidator.verifyPathIsAccessible(DataflowPathValidator.java:80)
	at com.google.cloud.dataflow.sdk.util.DataflowPathValidator.validateOutputFilePrefixSupported(DataflowPathValidator.java:63)
	at com.google.cloud.dataflow.sdk.runners.DataflowPipelineRunner.fromOptions(DataflowPipelineRunner.java:274)
	at com.google.cloud.dataflow.sdk.runners.BlockingDataflowPipelineRunner.fromOptions(BlockingDataflowPipelineRunner.java:82)
	at sun.reflect.NativeMethodAccessorImpl.invoke0(Native Method)
	at sun.reflect.NativeMethodAccessorImpl.invoke(Unknown Source)
	at sun.reflect.DelegatingMethodAccessorImpl.invoke(Unknown Source)
	at java.lang.reflect.Method.invoke(Unknown Source)
	at com.google.cloud.dataflow.sdk.util.InstanceBuilder.buildFromMethod(InstanceBuilder.java:223)
	at com.google.cloud.dataflow.sdk.util.InstanceBuilder.build(InstanceBuilder.java:163)
	at com.google.cloud.dataflow.sdk.runners.PipelineRunner.fromOptions(PipelineRunner.java:58)
	at com.google.cloud.dataflow.sdk.Pipeline.create(Pipeline.java:135)
	at com.google.cloud.dataflow.examples.WordCount.main(WordCount.java:195)
Caused by: sun.security.validator.ValidatorException: PKIX path building failed: sun.security.provider.certpath.SunCertPathBuilderException: unable to find valid certification path to requested target
	at sun.security.validator.PKIXValidator.doBuild(Unknown Source)
	at sun.security.validator.PKIXValidator.engineValidate(Unknown Source)
	at sun.security.validator.Validator.validate(Unknown Source)
	at sun.security.ssl.X509TrustManagerImpl.validate(Unknown Source)
	at sun.security.ssl.X509TrustManagerImpl.checkTrusted(Unknown Source)
	at sun.security.ssl.X509TrustManagerImpl.checkServerTrusted(Unknown Source)
	... 33 more
Caused by: sun.security.provider.certpath.SunCertPathBuilderException: unable to find valid certification path to requested target
	at sun.security.provider.certpath.SunCertPathBuilder.build(Unknown Source)
	at sun.security.provider.certpath.SunCertPathBuilder.engineBuild(Unknown Source)
	at java.security.cert.CertPathBuilder.build(Unknown Source)
	... 39 more

May 02, 2017 10:49:53 AM com.google.api.client.http.HttpRequest execute
WARNING: exception thrown while executing request
javax.net.ssl.SSLHandshakeException: sun.security.validator.ValidatorException: PKIX path building failed: sun.security.provider.certpath.SunCertPathBuilderException: unable to find valid certification path to requested target
	at sun.security.ssl.Alerts.getSSLException(Unknown Source)
	at sun.security.ssl.SSLSocketImpl.fatal(Unknown Source)
	at sun.security.ssl.Handshaker.fatalSE(Unknown Source)
	at sun.security.ssl.Handshaker.fatalSE(Unknown Source)
	at sun.security.ssl.ClientHandshaker.serverCertificate(Unknown Source)
	at sun.security.ssl.ClientHandshaker.processMessage(Unknown Source)
	at sun.security.ssl.Handshaker.processLoop(Unknown Source)
	at sun.security.ssl.Handshaker.process_record(Unknown Source)
	at sun.security.ssl.SSLSocketImpl.readRecord(Unknown Source)
	at sun.security.ssl.SSLSocketImpl.performInitialHandshake(Unknown Source)
	at sun.security.ssl.SSLSocketImpl.startHandshake(Unknown Source)
	at sun.security.ssl.SSLSocketImpl.startHandshake(Unknown Source)
	at sun.net.www.protocol.https.HttpsClient.afterConnect(Unknown Source)
	at sun.net.www.protocol.https.AbstractDelegateHttpsURLConnection.connect(Unknown Source)
	at sun.net.www.protocol.https.HttpsURLConnectionImpl.connect(Unknown Source)
	at com.google.api.client.http.javanet.NetHttpRequest.execute(NetHttpRequest.java:93)
	at com.google.api.client.http.HttpRequest.execute(HttpRequest.java:981)
	at com.google.api.client.googleapis.services.AbstractGoogleClientRequest.executeUnparsed(AbstractGoogleClientRequest.java:419)
	at com.google.api.client.googleapis.services.AbstractGoogleClientRequest.executeUnparsed(AbstractGoogleClientRequest.java:352)
	at com.google.api.client.googleapis.services.AbstractGoogleClientRequest.execute(AbstractGoogleClientRequest.java:469)
	at com.google.cloud.hadoop.util.ResilientOperation$AbstractGoogleClientRequestExecutor.call(ResilientOperation.java:166)
	at com.google.cloud.hadoop.util.ResilientOperation.retry(ResilientOperation.java:66)
	at com.google.cloud.dataflow.sdk.util.GcsUtil.bucketExists(GcsUtil.java:363)
	at com.google.cloud.dataflow.sdk.util.GcsUtil.bucketExists(GcsUtil.java:347)
	at com.google.cloud.dataflow.sdk.util.DataflowPathValidator.verifyPathIsAccessible(DataflowPathValidator.java:80)
	at com.google.cloud.dataflow.sdk.util.DataflowPathValidator.validateOutputFilePrefixSupported(DataflowPathValidator.java:63)
	at com.google.cloud.dataflow.sdk.runners.DataflowPipelineRunner.fromOptions(DataflowPipelineRunner.java:274)
	at com.google.cloud.dataflow.sdk.runners.BlockingDataflowPipelineRunner.fromOptions(BlockingDataflowPipelineRunner.java:82)
	at sun.reflect.NativeMethodAccessorImpl.invoke0(Native Method)
	at sun.reflect.NativeMethodAccessorImpl.invoke(Unknown Source)
	at sun.reflect.DelegatingMethodAccessorImpl.invoke(Unknown Source)
	at java.lang.reflect.Method.invoke(Unknown Source)
	at com.google.cloud.dataflow.sdk.util.InstanceBuilder.buildFromMethod(InstanceBuilder.java:223)
	at com.google.cloud.dataflow.sdk.util.InstanceBuilder.build(InstanceBuilder.java:163)
	at com.google.cloud.dataflow.sdk.runners.PipelineRunner.fromOptions(PipelineRunner.java:58)
	at com.google.cloud.dataflow.sdk.Pipeline.create(Pipeline.java:135)
	at com.google.cloud.dataflow.examples.WordCount.main(WordCount.java:195)
Caused by: sun.security.validator.ValidatorException: PKIX path building failed: sun.security.provider.certpath.SunCertPathBuilderException: unable to find valid certification path to requested target
	at sun.security.validator.PKIXValidator.doBuild(Unknown Source)
	at sun.security.validator.PKIXValidator.engineValidate(Unknown Source)
	at sun.security.validator.Validator.validate(Unknown Source)
	at sun.security.ssl.X509TrustManagerImpl.validate(Unknown Source)
	at sun.security.ssl.X509TrustManagerImpl.checkTrusted(Unknown Source)
	at sun.security.ssl.X509TrustManagerImpl.checkServerTrusted(Unknown Source)
	... 33 more
Caused by: sun.security.provider.certpath.SunCertPathBuilderException: unable to find valid certification path to requested target
	at sun.security.provider.certpath.SunCertPathBuilder.build(Unknown Source)
	at sun.security.provider.certpath.SunCertPathBuilder.engineBuild(Unknown Source)
	at java.security.cert.CertPathBuilder.build(Unknown Source)
	... 39 more

May 02, 2017 10:49:53 AM com.google.api.client.http.HttpRequest execute
WARNING: exception thrown while executing request
javax.net.ssl.SSLHandshakeException: sun.security.validator.ValidatorException: PKIX path building failed: sun.security.provider.certpath.SunCertPathBuilderException: unable to find valid certification path to requested target
	at sun.security.ssl.Alerts.getSSLException(Unknown Source)
	at sun.security.ssl.SSLSocketImpl.fatal(Unknown Source)
	at sun.security.ssl.Handshaker.fatalSE(Unknown Source)
	at sun.security.ssl.Handshaker.fatalSE(Unknown Source)
	at sun.security.ssl.ClientHandshaker.serverCertificate(Unknown Source)
	at sun.security.ssl.ClientHandshaker.processMessage(Unknown Source)
	at sun.security.ssl.Handshaker.processLoop(Unknown Source)
	at sun.security.ssl.Handshaker.process_record(Unknown Source)
	at sun.security.ssl.SSLSocketImpl.readRecord(Unknown Source)
	at sun.security.ssl.SSLSocketImpl.performInitialHandshake(Unknown Source)
	at sun.security.ssl.SSLSocketImpl.startHandshake(Unknown Source)
	at sun.security.ssl.SSLSocketImpl.startHandshake(Unknown Source)
	at sun.net.www.protocol.https.HttpsClient.afterConnect(Unknown Source)
	at sun.net.www.protocol.https.AbstractDelegateHttpsURLConnection.connect(Unknown Source)
	at sun.net.www.protocol.https.HttpsURLConnectionImpl.connect(Unknown Source)
	at com.google.api.client.http.javanet.NetHttpRequest.execute(NetHttpRequest.java:93)
	at com.google.api.client.http.HttpRequest.execute(HttpRequest.java:981)
	at com.google.api.client.googleapis.services.AbstractGoogleClientRequest.executeUnparsed(AbstractGoogleClientRequest.java:419)
	at com.google.api.client.googleapis.services.AbstractGoogleClientRequest.executeUnparsed(AbstractGoogleClientRequest.java:352)
	at com.google.api.client.googleapis.services.AbstractGoogleClientRequest.execute(AbstractGoogleClientRequest.java:469)
	at com.google.cloud.hadoop.util.ResilientOperation$AbstractGoogleClientRequestExecutor.call(ResilientOperation.java:166)
	at com.google.cloud.hadoop.util.ResilientOperation.retry(ResilientOperation.java:66)
	at com.google.cloud.dataflow.sdk.util.GcsUtil.bucketExists(GcsUtil.java:363)
	at com.google.cloud.dataflow.sdk.util.GcsUtil.bucketExists(GcsUtil.java:347)
	at com.google.cloud.dataflow.sdk.util.DataflowPathValidator.verifyPathIsAccessible(DataflowPathValidator.java:80)
	at com.google.cloud.dataflow.sdk.util.DataflowPathValidator.validateOutputFilePrefixSupported(DataflowPathValidator.java:63)
	at com.google.cloud.dataflow.sdk.runners.DataflowPipelineRunner.fromOptions(DataflowPipelineRunner.java:274)
	at com.google.cloud.dataflow.sdk.runners.BlockingDataflowPipelineRunner.fromOptions(BlockingDataflowPipelineRunner.java:82)
	at sun.reflect.NativeMethodAccessorImpl.invoke0(Native Method)
	at sun.reflect.NativeMethodAccessorImpl.invoke(Unknown Source)
	at sun.reflect.DelegatingMethodAccessorImpl.invoke(Unknown Source)
	at java.lang.reflect.Method.invoke(Unknown Source)
	at com.google.cloud.dataflow.sdk.util.InstanceBuilder.buildFromMethod(InstanceBuilder.java:223)
	at com.google.cloud.dataflow.sdk.util.InstanceBuilder.build(InstanceBuilder.java:163)
	at com.google.cloud.dataflow.sdk.runners.PipelineRunner.fromOptions(PipelineRunner.java:58)
	at com.google.cloud.dataflow.sdk.Pipeline.create(Pipeline.java:135)
	at com.google.cloud.dataflow.examples.WordCount.main(WordCount.java:195)
Caused by: sun.security.validator.ValidatorException: PKIX path building failed: sun.security.provider.certpath.SunCertPathBuilderException: unable to find valid certification path to requested target
	at sun.security.validator.PKIXValidator.doBuild(Unknown Source)
	at sun.security.validator.PKIXValidator.engineValidate(Unknown Source)
	at sun.security.validator.Validator.validate(Unknown Source)
	at sun.security.ssl.X509TrustManagerImpl.validate(Unknown Source)
	at sun.security.ssl.X509TrustManagerImpl.checkTrusted(Unknown Source)
	at sun.security.ssl.X509TrustManagerImpl.checkServerTrusted(Unknown Source)
	... 33 more
Caused by: sun.security.provider.certpath.SunCertPathBuilderException: unable to find valid certification path to requested target
	at sun.security.provider.certpath.SunCertPathBuilder.build(Unknown Source)
	at sun.security.provider.certpath.SunCertPathBuilder.engineBuild(Unknown Source)
	at java.security.cert.CertPathBuilder.build(Unknown Source)
	... 39 more

May 02, 2017 10:49:53 AM com.google.api.client.http.HttpRequest execute
WARNING: exception thrown while executing request
javax.net.ssl.SSLHandshakeException: sun.security.validator.ValidatorException: PKIX path building failed: sun.security.provider.certpath.SunCertPathBuilderException: unable to find valid certification path to requested target
	at sun.security.ssl.Alerts.getSSLException(Unknown Source)
	at sun.security.ssl.SSLSocketImpl.fatal(Unknown Source)
	at sun.security.ssl.Handshaker.fatalSE(Unknown Source)
	at sun.security.ssl.Handshaker.fatalSE(Unknown Source)
	at sun.security.ssl.ClientHandshaker.serverCertificate(Unknown Source)
	at sun.security.ssl.ClientHandshaker.processMessage(Unknown Source)
	at sun.security.ssl.Handshaker.processLoop(Unknown Source)
	at sun.security.ssl.Handshaker.process_record(Unknown Source)
	at sun.security.ssl.SSLSocketImpl.readRecord(Unknown Source)
	at sun.security.ssl.SSLSocketImpl.performInitialHandshake(Unknown Source)
	at sun.security.ssl.SSLSocketImpl.startHandshake(Unknown Source)
	at sun.security.ssl.SSLSocketImpl.startHandshake(Unknown Source)
	at sun.net.www.protocol.https.HttpsClient.afterConnect(Unknown Source)
	at sun.net.www.protocol.https.AbstractDelegateHttpsURLConnection.connect(Unknown Source)
	at sun.net.www.protocol.https.HttpsURLConnectionImpl.connect(Unknown Source)
	at com.google.api.client.http.javanet.NetHttpRequest.execute(NetHttpRequest.java:93)
	at com.google.api.client.http.HttpRequest.execute(HttpRequest.java:981)
	at com.google.api.client.googleapis.services.AbstractGoogleClientRequest.executeUnparsed(AbstractGoogleClientRequest.java:419)
	at com.google.api.client.googleapis.services.AbstractGoogleClientRequest.executeUnparsed(AbstractGoogleClientRequest.java:352)
	at com.google.api.client.googleapis.services.AbstractGoogleClientRequest.execute(AbstractGoogleClientRequest.java:469)
	at com.google.cloud.hadoop.util.ResilientOperation$AbstractGoogleClientRequestExecutor.call(ResilientOperation.java:166)
	at com.google.cloud.hadoop.util.ResilientOperation.retry(ResilientOperation.java:66)
	at com.google.cloud.dataflow.sdk.util.GcsUtil.bucketExists(GcsUtil.java:363)
	at com.google.cloud.dataflow.sdk.util.GcsUtil.bucketExists(GcsUtil.java:347)
	at com.google.cloud.dataflow.sdk.util.DataflowPathValidator.verifyPathIsAccessible(DataflowPathValidator.java:80)
	at com.google.cloud.dataflow.sdk.util.DataflowPathValidator.validateOutputFilePrefixSupported(DataflowPathValidator.java:63)
	at com.google.cloud.dataflow.sdk.runners.DataflowPipelineRunner.fromOptions(DataflowPipelineRunner.java:274)
	at com.google.cloud.dataflow.sdk.runners.BlockingDataflowPipelineRunner.fromOptions(BlockingDataflowPipelineRunner.java:82)
	at sun.reflect.NativeMethodAccessorImpl.invoke0(Native Method)
	at sun.reflect.NativeMethodAccessorImpl.invoke(Unknown Source)
	at sun.reflect.DelegatingMethodAccessorImpl.invoke(Unknown Source)
	at java.lang.reflect.Method.invoke(Unknown Source)
	at com.google.cloud.dataflow.sdk.util.InstanceBuilder.buildFromMethod(InstanceBuilder.java:223)
	at com.google.cloud.dataflow.sdk.util.InstanceBuilder.build(InstanceBuilder.java:163)
	at com.google.cloud.dataflow.sdk.runners.PipelineRunner.fromOptions(PipelineRunner.java:58)
	at com.google.cloud.dataflow.sdk.Pipeline.create(Pipeline.java:135)
	at com.google.cloud.dataflow.examples.WordCount.main(WordCount.java:195)
Caused by: sun.security.validator.ValidatorException: PKIX path building failed: sun.security.provider.certpath.SunCertPathBuilderException: unable to find valid certification path to requested target
	at sun.security.validator.PKIXValidator.doBuild(Unknown Source)
	at sun.security.validator.PKIXValidator.engineValidate(Unknown Source)
	at sun.security.validator.Validator.validate(Unknown Source)
	at sun.security.ssl.X509TrustManagerImpl.validate(Unknown Source)
	at sun.security.ssl.X509TrustManagerImpl.checkTrusted(Unknown Source)
	at sun.security.ssl.X509TrustManagerImpl.checkServerTrusted(Unknown Source)
	... 33 more
Caused by: sun.security.provider.certpath.SunCertPathBuilderException: unable to find valid certification path to requested target
	at sun.security.provider.certpath.SunCertPathBuilder.build(Unknown Source)
	at sun.security.provider.certpath.SunCertPathBuilder.engineBuild(Unknown Source)
	at java.security.cert.CertPathBuilder.build(Unknown Source)
	... 39 more

May 02, 2017 10:49:53 AM com.google.api.client.http.HttpRequest execute
WARNING: exception thrown while executing request
javax.net.ssl.SSLHandshakeException: sun.security.validator.ValidatorException: PKIX path building failed: sun.security.provider.certpath.SunCertPathBuilderException: unable to find valid certification path to requested target
	at sun.security.ssl.Alerts.getSSLException(Unknown Source)
	at sun.security.ssl.SSLSocketImpl.fatal(Unknown Source)
	at sun.security.ssl.Handshaker.fatalSE(Unknown Source)
	at sun.security.ssl.Handshaker.fatalSE(Unknown Source)
	at sun.security.ssl.ClientHandshaker.serverCertificate(Unknown Source)
	at sun.security.ssl.ClientHandshaker.processMessage(Unknown Source)
	at sun.security.ssl.Handshaker.processLoop(Unknown Source)
	at sun.security.ssl.Handshaker.process_record(Unknown Source)
	at sun.security.ssl.SSLSocketImpl.readRecord(Unknown Source)
	at sun.security.ssl.SSLSocketImpl.performInitialHandshake(Unknown Source)
	at sun.security.ssl.SSLSocketImpl.startHandshake(Unknown Source)
	at sun.security.ssl.SSLSocketImpl.startHandshake(Unknown Source)
	at sun.net.www.protocol.https.HttpsClient.afterConnect(Unknown Source)
	at sun.net.www.protocol.https.AbstractDelegateHttpsURLConnection.connect(Unknown Source)
	at sun.net.www.protocol.https.HttpsURLConnectionImpl.connect(Unknown Source)
	at com.google.api.client.http.javanet.NetHttpRequest.execute(NetHttpRequest.java:93)
	at com.google.api.client.http.HttpRequest.execute(HttpRequest.java:981)
	at com.google.api.client.googleapis.services.AbstractGoogleClientRequest.executeUnparsed(AbstractGoogleClientRequest.java:419)
	at com.google.api.client.googleapis.services.AbstractGoogleClientRequest.executeUnparsed(AbstractGoogleClientRequest.java:352)
	at com.google.api.client.googleapis.services.AbstractGoogleClientRequest.execute(AbstractGoogleClientRequest.java:469)
	at com.google.cloud.hadoop.util.ResilientOperation$AbstractGoogleClientRequestExecutor.call(ResilientOperation.java:166)
	at com.google.cloud.hadoop.util.ResilientOperation.retry(ResilientOperation.java:66)
	at com.google.cloud.dataflow.sdk.util.GcsUtil.bucketExists(GcsUtil.java:363)
	at com.google.cloud.dataflow.sdk.util.GcsUtil.bucketExists(GcsUtil.java:347)
	at com.google.cloud.dataflow.sdk.util.DataflowPathValidator.verifyPathIsAccessible(DataflowPathValidator.java:80)
	at com.google.cloud.dataflow.sdk.util.DataflowPathValidator.validateOutputFilePrefixSupported(DataflowPathValidator.java:63)
	at com.google.cloud.dataflow.sdk.runners.DataflowPipelineRunner.fromOptions(DataflowPipelineRunner.java:274)
	at com.google.cloud.dataflow.sdk.runners.BlockingDataflowPipelineRunner.fromOptions(BlockingDataflowPipelineRunner.java:82)
	at sun.reflect.NativeMethodAccessorImpl.invoke0(Native Method)
	at sun.reflect.NativeMethodAccessorImpl.invoke(Unknown Source)
	at sun.reflect.DelegatingMethodAccessorImpl.invoke(Unknown Source)
	at java.lang.reflect.Method.invoke(Unknown Source)
	at com.google.cloud.dataflow.sdk.util.InstanceBuilder.buildFromMethod(InstanceBuilder.java:223)
	at com.google.cloud.dataflow.sdk.util.InstanceBuilder.build(InstanceBuilder.java:163)
	at com.google.cloud.dataflow.sdk.runners.PipelineRunner.fromOptions(PipelineRunner.java:58)
	at com.google.cloud.dataflow.sdk.Pipeline.create(Pipeline.java:135)
	at com.google.cloud.dataflow.examples.WordCount.main(WordCount.java:195)
Caused by: sun.security.validator.ValidatorException: PKIX path building failed: sun.security.provider.certpath.SunCertPathBuilderException: unable to find valid certification path to requested target
	at sun.security.validator.PKIXValidator.doBuild(Unknown Source)
	at sun.security.validator.PKIXValidator.engineValidate(Unknown Source)
	at sun.security.validator.Validator.validate(Unknown Source)
	at sun.security.ssl.X509TrustManagerImpl.validate(Unknown Source)
	at sun.security.ssl.X509TrustManagerImpl.checkTrusted(Unknown Source)
	at sun.security.ssl.X509TrustManagerImpl.checkServerTrusted(Unknown Source)
	... 33 more
Caused by: sun.security.provider.certpath.SunCertPathBuilderException: unable to find valid certification path to requested target
	at sun.security.provider.certpath.SunCertPathBuilder.build(Unknown Source)
	at sun.security.provider.certpath.SunCertPathBuilder.engineBuild(Unknown Source)
	at java.security.cert.CertPathBuilder.build(Unknown Source)
	... 39 more

May 02, 2017 10:49:53 AM com.google.api.client.http.HttpRequest execute
WARNING: exception thrown while executing request
javax.net.ssl.SSLHandshakeException: sun.security.validator.ValidatorException: PKIX path building failed: sun.security.provider.certpath.SunCertPathBuilderException: unable to find valid certification path to requested target
	at sun.security.ssl.Alerts.getSSLException(Unknown Source)
	at sun.security.ssl.SSLSocketImpl.fatal(Unknown Source)
	at sun.security.ssl.Handshaker.fatalSE(Unknown Source)
	at sun.security.ssl.Handshaker.fatalSE(Unknown Source)
	at sun.security.ssl.ClientHandshaker.serverCertificate(Unknown Source)
	at sun.security.ssl.ClientHandshaker.processMessage(Unknown Source)
	at sun.security.ssl.Handshaker.processLoop(Unknown Source)
	at sun.security.ssl.Handshaker.process_record(Unknown Source)
	at sun.security.ssl.SSLSocketImpl.readRecord(Unknown Source)
	at sun.security.ssl.SSLSocketImpl.performInitialHandshake(Unknown Source)
	at sun.security.ssl.SSLSocketImpl.startHandshake(Unknown Source)
	at sun.security.ssl.SSLSocketImpl.startHandshake(Unknown Source)
	at sun.net.www.protocol.https.HttpsClient.afterConnect(Unknown Source)
	at sun.net.www.protocol.https.AbstractDelegateHttpsURLConnection.connect(Unknown Source)
	at sun.net.www.protocol.https.HttpsURLConnectionImpl.connect(Unknown Source)
	at com.google.api.client.http.javanet.NetHttpRequest.execute(NetHttpRequest.java:93)
	at com.google.api.client.http.HttpRequest.execute(HttpRequest.java:981)
	at com.google.api.client.googleapis.services.AbstractGoogleClientRequest.executeUnparsed(AbstractGoogleClientRequest.java:419)
	at com.google.api.client.googleapis.services.AbstractGoogleClientRequest.executeUnparsed(AbstractGoogleClientRequest.java:352)
	at com.google.api.client.googleapis.services.AbstractGoogleClientRequest.execute(AbstractGoogleClientRequest.java:469)
	at com.google.cloud.hadoop.util.ResilientOperation$AbstractGoogleClientRequestExecutor.call(ResilientOperation.java:166)
	at com.google.cloud.hadoop.util.ResilientOperation.retry(ResilientOperation.java:66)
	at com.google.cloud.dataflow.sdk.util.GcsUtil.bucketExists(GcsUtil.java:363)
	at com.google.cloud.dataflow.sdk.util.GcsUtil.bucketExists(GcsUtil.java:347)
	at com.google.cloud.dataflow.sdk.util.DataflowPathValidator.verifyPathIsAccessible(DataflowPathValidator.java:80)
	at com.google.cloud.dataflow.sdk.util.DataflowPathValidator.validateOutputFilePrefixSupported(DataflowPathValidator.java:63)
	at com.google.cloud.dataflow.sdk.runners.DataflowPipelineRunner.fromOptions(DataflowPipelineRunner.java:274)
	at com.google.cloud.dataflow.sdk.runners.BlockingDataflowPipelineRunner.fromOptions(BlockingDataflowPipelineRunner.java:82)
	at sun.reflect.NativeMethodAccessorImpl.invoke0(Native Method)
	at sun.reflect.NativeMethodAccessorImpl.invoke(Unknown Source)
	at sun.reflect.DelegatingMethodAccessorImpl.invoke(Unknown Source)
	at java.lang.reflect.Method.invoke(Unknown Source)
	at com.google.cloud.dataflow.sdk.util.InstanceBuilder.buildFromMethod(InstanceBuilder.java:223)
	at com.google.cloud.dataflow.sdk.util.InstanceBuilder.build(InstanceBuilder.java:163)
	at com.google.cloud.dataflow.sdk.runners.PipelineRunner.fromOptions(PipelineRunner.java:58)
	at com.google.cloud.dataflow.sdk.Pipeline.create(Pipeline.java:135)
	at com.google.cloud.dataflow.examples.WordCount.main(WordCount.java:195)
Caused by: sun.security.validator.ValidatorException: PKIX path building failed: sun.security.provider.certpath.SunCertPathBuilderException: unable to find valid certification path to requested target
	at sun.security.validator.PKIXValidator.doBuild(Unknown Source)
	at sun.security.validator.PKIXValidator.engineValidate(Unknown Source)
	at sun.security.validator.Validator.validate(Unknown Source)
	at sun.security.ssl.X509TrustManagerImpl.validate(Unknown Source)
	at sun.security.ssl.X509TrustManagerImpl.checkTrusted(Unknown Source)
	at sun.security.ssl.X509TrustManagerImpl.checkServerTrusted(Unknown Source)
	... 33 more
Caused by: sun.security.provider.certpath.SunCertPathBuilderException: unable to find valid certification path to requested target
	at sun.security.provider.certpath.SunCertPathBuilder.build(Unknown Source)
	at sun.security.provider.certpath.SunCertPathBuilder.engineBuild(Unknown Source)
	at java.security.cert.CertPathBuilder.build(Unknown Source)
	... 39 more

May 02, 2017 10:49:53 AM com.google.api.client.http.HttpRequest execute
WARNING: exception thrown while executing request
javax.net.ssl.SSLHandshakeException: sun.security.validator.ValidatorException: PKIX path building failed: sun.security.provider.certpath.SunCertPathBuilderException: unable to find valid certification path to requested target
	at sun.security.ssl.Alerts.getSSLException(Unknown Source)
	at sun.security.ssl.SSLSocketImpl.fatal(Unknown Source)
	at sun.security.ssl.Handshaker.fatalSE(Unknown Source)
	at sun.security.ssl.Handshaker.fatalSE(Unknown Source)
	at sun.security.ssl.ClientHandshaker.serverCertificate(Unknown Source)
	at sun.security.ssl.ClientHandshaker.processMessage(Unknown Source)
	at sun.security.ssl.Handshaker.processLoop(Unknown Source)
	at sun.security.ssl.Handshaker.process_record(Unknown Source)
	at sun.security.ssl.SSLSocketImpl.readRecord(Unknown Source)
	at sun.security.ssl.SSLSocketImpl.performInitialHandshake(Unknown Source)
	at sun.security.ssl.SSLSocketImpl.startHandshake(Unknown Source)
	at sun.security.ssl.SSLSocketImpl.startHandshake(Unknown Source)
	at sun.net.www.protocol.https.HttpsClient.afterConnect(Unknown Source)
	at sun.net.www.protocol.https.AbstractDelegateHttpsURLConnection.connect(Unknown Source)
	at sun.net.www.protocol.https.HttpsURLConnectionImpl.connect(Unknown Source)
	at com.google.api.client.http.javanet.NetHttpRequest.execute(NetHttpRequest.java:93)
	at com.google.api.client.http.HttpRequest.execute(HttpRequest.java:981)
	at com.google.api.client.googleapis.services.AbstractGoogleClientRequest.executeUnparsed(AbstractGoogleClientRequest.java:419)
	at com.google.api.client.googleapis.services.AbstractGoogleClientRequest.executeUnparsed(AbstractGoogleClientRequest.java:352)
	at com.google.api.client.googleapis.services.AbstractGoogleClientRequest.execute(AbstractGoogleClientRequest.java:469)
	at com.google.cloud.hadoop.util.ResilientOperation$AbstractGoogleClientRequestExecutor.call(ResilientOperation.java:166)
	at com.google.cloud.hadoop.util.ResilientOperation.retry(ResilientOperation.java:66)
	at com.google.cloud.dataflow.sdk.util.GcsUtil.bucketExists(GcsUtil.java:363)
	at com.google.cloud.dataflow.sdk.util.GcsUtil.bucketExists(GcsUtil.java:347)
	at com.google.cloud.dataflow.sdk.util.DataflowPathValidator.verifyPathIsAccessible(DataflowPathValidator.java:80)
	at com.google.cloud.dataflow.sdk.util.DataflowPathValidator.validateOutputFilePrefixSupported(DataflowPathValidator.java:63)
	at com.google.cloud.dataflow.sdk.runners.DataflowPipelineRunner.fromOptions(DataflowPipelineRunner.java:274)
	at com.google.cloud.dataflow.sdk.runners.BlockingDataflowPipelineRunner.fromOptions(BlockingDataflowPipelineRunner.java:82)
	at sun.reflect.NativeMethodAccessorImpl.invoke0(Native Method)
	at sun.reflect.NativeMethodAccessorImpl.invoke(Unknown Source)
	at sun.reflect.DelegatingMethodAccessorImpl.invoke(Unknown Source)
	at java.lang.reflect.Method.invoke(Unknown Source)
	at com.google.cloud.dataflow.sdk.util.InstanceBuilder.buildFromMethod(InstanceBuilder.java:223)
	at com.google.cloud.dataflow.sdk.util.InstanceBuilder.build(InstanceBuilder.java:163)
	at com.google.cloud.dataflow.sdk.runners.PipelineRunner.fromOptions(PipelineRunner.java:58)
	at com.google.cloud.dataflow.sdk.Pipeline.create(Pipeline.java:135)
	at com.google.cloud.dataflow.examples.WordCount.main(WordCount.java:195)
Caused by: sun.security.validator.ValidatorException: PKIX path building failed: sun.security.provider.certpath.SunCertPathBuilderException: unable to find valid certification path to requested target
	at sun.security.validator.PKIXValidator.doBuild(Unknown Source)
	at sun.security.validator.PKIXValidator.engineValidate(Unknown Source)
	at sun.security.validator.Validator.validate(Unknown Source)
	at sun.security.ssl.X509TrustManagerImpl.validate(Unknown Source)
	at sun.security.ssl.X509TrustManagerImpl.checkTrusted(Unknown Source)
	at sun.security.ssl.X509TrustManagerImpl.checkServerTrusted(Unknown Source)
	... 33 more
Caused by: sun.security.provider.certpath.SunCertPathBuilderException: unable to find valid certification path to requested target
	at sun.security.provider.certpath.SunCertPathBuilder.build(Unknown Source)
	at sun.security.provider.certpath.SunCertPathBuilder.engineBuild(Unknown Source)
	at java.security.cert.CertPathBuilder.build(Unknown Source)
	... 39 more

May 02, 2017 10:49:53 AM com.google.api.client.http.HttpRequest execute
WARNING: exception thrown while executing request
javax.net.ssl.SSLHandshakeException: sun.security.validator.ValidatorException: PKIX path building failed: sun.security.provider.certpath.SunCertPathBuilderException: unable to find valid certification path to requested target
	at sun.security.ssl.Alerts.getSSLException(Unknown Source)
	at sun.security.ssl.SSLSocketImpl.fatal(Unknown Source)
	at sun.security.ssl.Handshaker.fatalSE(Unknown Source)
	at sun.security.ssl.Handshaker.fatalSE(Unknown Source)
	at sun.security.ssl.ClientHandshaker.serverCertificate(Unknown Source)
	at sun.security.ssl.ClientHandshaker.processMessage(Unknown Source)
	at sun.security.ssl.Handshaker.processLoop(Unknown Source)
	at sun.security.ssl.Handshaker.process_record(Unknown Source)
	at sun.security.ssl.SSLSocketImpl.readRecord(Unknown Source)
	at sun.security.ssl.SSLSocketImpl.performInitialHandshake(Unknown Source)
	at sun.security.ssl.SSLSocketImpl.startHandshake(Unknown Source)
	at sun.security.ssl.SSLSocketImpl.startHandshake(Unknown Source)
	at sun.net.www.protocol.https.HttpsClient.afterConnect(Unknown Source)
	at sun.net.www.protocol.https.AbstractDelegateHttpsURLConnection.connect(Unknown Source)
	at sun.net.www.protocol.https.HttpsURLConnectionImpl.connect(Unknown Source)
	at com.google.api.client.http.javanet.NetHttpRequest.execute(NetHttpRequest.java:93)
	at com.google.api.client.http.HttpRequest.execute(HttpRequest.java:981)
	at com.google.api.client.googleapis.services.AbstractGoogleClientRequest.executeUnparsed(AbstractGoogleClientRequest.java:419)
	at com.google.api.client.googleapis.services.AbstractGoogleClientRequest.executeUnparsed(AbstractGoogleClientRequest.java:352)
	at com.google.api.client.googleapis.services.AbstractGoogleClientRequest.execute(AbstractGoogleClientRequest.java:469)
	at com.google.cloud.hadoop.util.ResilientOperation$AbstractGoogleClientRequestExecutor.call(ResilientOperation.java:166)
	at com.google.cloud.hadoop.util.ResilientOperation.retry(ResilientOperation.java:66)
	at com.google.cloud.dataflow.sdk.util.GcsUtil.bucketExists(GcsUtil.java:363)
	at com.google.cloud.dataflow.sdk.util.GcsUtil.bucketExists(GcsUtil.java:347)
	at com.google.cloud.dataflow.sdk.util.DataflowPathValidator.verifyPathIsAccessible(DataflowPathValidator.java:80)
	at com.google.cloud.dataflow.sdk.util.DataflowPathValidator.validateOutputFilePrefixSupported(DataflowPathValidator.java:63)
	at com.google.cloud.dataflow.sdk.runners.DataflowPipelineRunner.fromOptions(DataflowPipelineRunner.java:274)
	at com.google.cloud.dataflow.sdk.runners.BlockingDataflowPipelineRunner.fromOptions(BlockingDataflowPipelineRunner.java:82)
	at sun.reflect.NativeMethodAccessorImpl.invoke0(Native Method)
	at sun.reflect.NativeMethodAccessorImpl.invoke(Unknown Source)
	at sun.reflect.DelegatingMethodAccessorImpl.invoke(Unknown Source)
	at java.lang.reflect.Method.invoke(Unknown Source)
	at com.google.cloud.dataflow.sdk.util.InstanceBuilder.buildFromMethod(InstanceBuilder.java:223)
	at com.google.cloud.dataflow.sdk.util.InstanceBuilder.build(InstanceBuilder.java:163)
	at com.google.cloud.dataflow.sdk.runners.PipelineRunner.fromOptions(PipelineRunner.java:58)
	at com.google.cloud.dataflow.sdk.Pipeline.create(Pipeline.java:135)
	at com.google.cloud.dataflow.examples.WordCount.main(WordCount.java:195)
Caused by: sun.security.validator.ValidatorException: PKIX path building failed: sun.security.provider.certpath.SunCertPathBuilderException: unable to find valid certification path to requested target
	at sun.security.validator.PKIXValidator.doBuild(Unknown Source)
	at sun.security.validator.PKIXValidator.engineValidate(Unknown Source)
	at sun.security.validator.Validator.validate(Unknown Source)
	at sun.security.ssl.X509TrustManagerImpl.validate(Unknown Source)
	at sun.security.ssl.X509TrustManagerImpl.checkTrusted(Unknown Source)
	at sun.security.ssl.X509TrustManagerImpl.checkServerTrusted(Unknown Source)
	... 33 more
Caused by: sun.security.provider.certpath.SunCertPathBuilderException: unable to find valid certification path to requested target
	at sun.security.provider.certpath.SunCertPathBuilder.build(Unknown Source)
	at sun.security.provider.certpath.SunCertPathBuilder.engineBuild(Unknown Source)
	at java.security.cert.CertPathBuilder.build(Unknown Source)
	... 39 more

May 02, 2017 10:49:53 AM com.google.api.client.http.HttpRequest execute
WARNING: exception thrown while executing request
javax.net.ssl.SSLHandshakeException: sun.security.validator.ValidatorException: PKIX path building failed: sun.security.provider.certpath.SunCertPathBuilderException: unable to find valid certification path to requested target
	at sun.security.ssl.Alerts.getSSLException(Unknown Source)
	at sun.security.ssl.SSLSocketImpl.fatal(Unknown Source)
	at sun.security.ssl.Handshaker.fatalSE(Unknown Source)
	at sun.security.ssl.Handshaker.fatalSE(Unknown Source)
	at sun.security.ssl.ClientHandshaker.serverCertificate(Unknown Source)
	at sun.security.ssl.ClientHandshaker.processMessage(Unknown Source)
	at sun.security.ssl.Handshaker.processLoop(Unknown Source)
	at sun.security.ssl.Handshaker.process_record(Unknown Source)
	at sun.security.ssl.SSLSocketImpl.readRecord(Unknown Source)
	at sun.security.ssl.SSLSocketImpl.performInitialHandshake(Unknown Source)
	at sun.security.ssl.SSLSocketImpl.startHandshake(Unknown Source)
	at sun.security.ssl.SSLSocketImpl.startHandshake(Unknown Source)
	at sun.net.www.protocol.https.HttpsClient.afterConnect(Unknown Source)
	at sun.net.www.protocol.https.AbstractDelegateHttpsURLConnection.connect(Unknown Source)
	at sun.net.www.protocol.https.HttpsURLConnectionImpl.connect(Unknown Source)
	at com.google.api.client.http.javanet.NetHttpRequest.execute(NetHttpRequest.java:93)
	at com.google.api.client.http.HttpRequest.execute(HttpRequest.java:981)
	at com.google.api.client.googleapis.services.AbstractGoogleClientRequest.executeUnparsed(AbstractGoogleClientRequest.java:419)
	at com.google.api.client.googleapis.services.AbstractGoogleClientRequest.executeUnparsed(AbstractGoogleClientRequest.java:352)
	at com.google.api.client.googleapis.services.AbstractGoogleClientRequest.execute(AbstractGoogleClientRequest.java:469)
	at com.google.cloud.hadoop.util.ResilientOperation$AbstractGoogleClientRequestExecutor.call(ResilientOperation.java:166)
	at com.google.cloud.hadoop.util.ResilientOperation.retry(ResilientOperation.java:66)
	at com.google.cloud.dataflow.sdk.util.GcsUtil.bucketExists(GcsUtil.java:363)
	at com.google.cloud.dataflow.sdk.util.GcsUtil.bucketExists(GcsUtil.java:347)
	at com.google.cloud.dataflow.sdk.util.DataflowPathValidator.verifyPathIsAccessible(DataflowPathValidator.java:80)
	at com.google.cloud.dataflow.sdk.util.DataflowPathValidator.validateOutputFilePrefixSupported(DataflowPathValidator.java:63)
	at com.google.cloud.dataflow.sdk.runners.DataflowPipelineRunner.fromOptions(DataflowPipelineRunner.java:274)
	at com.google.cloud.dataflow.sdk.runners.BlockingDataflowPipelineRunner.fromOptions(BlockingDataflowPipelineRunner.java:82)
	at sun.reflect.NativeMethodAccessorImpl.invoke0(Native Method)
	at sun.reflect.NativeMethodAccessorImpl.invoke(Unknown Source)
	at sun.reflect.DelegatingMethodAccessorImpl.invoke(Unknown Source)
	at java.lang.reflect.Method.invoke(Unknown Source)
	at com.google.cloud.dataflow.sdk.util.InstanceBuilder.buildFromMethod(InstanceBuilder.java:223)
	at com.google.cloud.dataflow.sdk.util.InstanceBuilder.build(InstanceBuilder.java:163)
	at com.google.cloud.dataflow.sdk.runners.PipelineRunner.fromOptions(PipelineRunner.java:58)
	at com.google.cloud.dataflow.sdk.Pipeline.create(Pipeline.java:135)
	at com.google.cloud.dataflow.examples.WordCount.main(WordCount.java:195)
Caused by: sun.security.validator.ValidatorException: PKIX path building failed: sun.security.provider.certpath.SunCertPathBuilderException: unable to find valid certification path to requested target
	at sun.security.validator.PKIXValidator.doBuild(Unknown Source)
	at sun.security.validator.PKIXValidator.engineValidate(Unknown Source)
	at sun.security.validator.Validator.validate(Unknown Source)
	at sun.security.ssl.X509TrustManagerImpl.validate(Unknown Source)
	at sun.security.ssl.X509TrustManagerImpl.checkTrusted(Unknown Source)
	at sun.security.ssl.X509TrustManagerImpl.checkServerTrusted(Unknown Source)
	... 33 more
Caused by: sun.security.provider.certpath.SunCertPathBuilderException: unable to find valid certification path to requested target
	at sun.security.provider.certpath.SunCertPathBuilder.build(Unknown Source)
	at sun.security.provider.certpath.SunCertPathBuilder.engineBuild(Unknown Source)
	at java.security.cert.CertPathBuilder.build(Unknown Source)
	... 39 more

May 02, 2017 10:49:53 AM com.google.api.client.http.HttpRequest execute
WARNING: exception thrown while executing request
javax.net.ssl.SSLHandshakeException: sun.security.validator.ValidatorException: PKIX path building failed: sun.security.provider.certpath.SunCertPathBuilderException: unable to find valid certification path to requested target
	at sun.security.ssl.Alerts.getSSLException(Unknown Source)
	at sun.security.ssl.SSLSocketImpl.fatal(Unknown Source)
	at sun.security.ssl.Handshaker.fatalSE(Unknown Source)
	at sun.security.ssl.Handshaker.fatalSE(Unknown Source)
	at sun.security.ssl.ClientHandshaker.serverCertificate(Unknown Source)
	at sun.security.ssl.ClientHandshaker.processMessage(Unknown Source)
	at sun.security.ssl.Handshaker.processLoop(Unknown Source)
	at sun.security.ssl.Handshaker.process_record(Unknown Source)
	at sun.security.ssl.SSLSocketImpl.readRecord(Unknown Source)
	at sun.security.ssl.SSLSocketImpl.performInitialHandshake(Unknown Source)
	at sun.security.ssl.SSLSocketImpl.startHandshake(Unknown Source)
	at sun.security.ssl.SSLSocketImpl.startHandshake(Unknown Source)
	at sun.net.www.protocol.https.HttpsClient.afterConnect(Unknown Source)
	at sun.net.www.protocol.https.AbstractDelegateHttpsURLConnection.connect(Unknown Source)
	at sun.net.www.protocol.https.HttpsURLConnectionImpl.connect(Unknown Source)
	at com.google.api.client.http.javanet.NetHttpRequest.execute(NetHttpRequest.java:93)
	at com.google.api.client.http.HttpRequest.execute(HttpRequest.java:981)
	at com.google.api.client.googleapis.services.AbstractGoogleClientRequest.executeUnparsed(AbstractGoogleClientRequest.java:419)
	at com.google.api.client.googleapis.services.AbstractGoogleClientRequest.executeUnparsed(AbstractGoogleClientRequest.java:352)
	at com.google.api.client.googleapis.services.AbstractGoogleClientRequest.execute(AbstractGoogleClientRequest.java:469)
	at com.google.cloud.hadoop.util.ResilientOperation$AbstractGoogleClientRequestExecutor.call(ResilientOperation.java:166)
	at com.google.cloud.hadoop.util.ResilientOperation.retry(ResilientOperation.java:66)
	at com.google.cloud.dataflow.sdk.util.GcsUtil.bucketExists(GcsUtil.java:363)
	at com.google.cloud.dataflow.sdk.util.GcsUtil.bucketExists(GcsUtil.java:347)
	at com.google.cloud.dataflow.sdk.util.DataflowPathValidator.verifyPathIsAccessible(DataflowPathValidator.java:80)
	at com.google.cloud.dataflow.sdk.util.DataflowPathValidator.validateOutputFilePrefixSupported(DataflowPathValidator.java:63)
	at com.google.cloud.dataflow.sdk.runners.DataflowPipelineRunner.fromOptions(DataflowPipelineRunner.java:274)
	at com.google.cloud.dataflow.sdk.runners.BlockingDataflowPipelineRunner.fromOptions(BlockingDataflowPipelineRunner.java:82)
	at sun.reflect.NativeMethodAccessorImpl.invoke0(Native Method)
	at sun.reflect.NativeMethodAccessorImpl.invoke(Unknown Source)
	at sun.reflect.DelegatingMethodAccessorImpl.invoke(Unknown Source)
	at java.lang.reflect.Method.invoke(Unknown Source)
	at com.google.cloud.dataflow.sdk.util.InstanceBuilder.buildFromMethod(InstanceBuilder.java:223)
	at com.google.cloud.dataflow.sdk.util.InstanceBuilder.build(InstanceBuilder.java:163)
	at com.google.cloud.dataflow.sdk.runners.PipelineRunner.fromOptions(PipelineRunner.java:58)
	at com.google.cloud.dataflow.sdk.Pipeline.create(Pipeline.java:135)
	at com.google.cloud.dataflow.examples.WordCount.main(WordCount.java:195)
Caused by: sun.security.validator.ValidatorException: PKIX path building failed: sun.security.provider.certpath.SunCertPathBuilderException: unable to find valid certification path to requested target
	at sun.security.validator.PKIXValidator.doBuild(Unknown Source)
	at sun.security.validator.PKIXValidator.engineValidate(Unknown Source)
	at sun.security.validator.Validator.validate(Unknown Source)
	at sun.security.ssl.X509TrustManagerImpl.validate(Unknown Source)
	at sun.security.ssl.X509TrustManagerImpl.checkTrusted(Unknown Source)
	at sun.security.ssl.X509TrustManagerImpl.checkServerTrusted(Unknown Source)
	... 33 more
Caused by: sun.security.provider.certpath.SunCertPathBuilderException: unable to find valid certification path to requested target
	at sun.security.provider.certpath.SunCertPathBuilder.build(Unknown Source)
	at sun.security.provider.certpath.SunCertPathBuilder.engineBuild(Unknown Source)
	at java.security.cert.CertPathBuilder.build(Unknown Source)
	... 39 more

May 02, 2017 10:49:53 AM com.google.cloud.dataflow.sdk.util.RetryHttpRequestInitializer$LoggingHttpBackOffIOExceptionHandler handleIOException
WARNING: Request failed with IOException, will NOT retry: https://www.googleapis.com/storage/v1/b/store-dataflow
Exception in thread "main" java.lang.RuntimeException: Failed to construct instance from factory method BlockingDataflowPipelineRunner#fromOptions(interface com.google.cloud.dataflow.sdk.options.PipelineOptions)
	at com.google.cloud.dataflow.sdk.util.InstanceBuilder.buildFromMethod(InstanceBuilder.java:234)
	at com.google.cloud.dataflow.sdk.util.InstanceBuilder.build(InstanceBuilder.java:163)
	at com.google.cloud.dataflow.sdk.runners.PipelineRunner.fromOptions(PipelineRunner.java:58)
	at com.google.cloud.dataflow.sdk.Pipeline.create(Pipeline.java:135)
	at com.google.cloud.dataflow.examples.WordCount.main(WordCount.java:195)
Caused by: java.lang.reflect.InvocationTargetException
	at sun.reflect.NativeMethodAccessorImpl.invoke0(Native Method)
	at sun.reflect.NativeMethodAccessorImpl.invoke(Unknown Source)
	at sun.reflect.DelegatingMethodAccessorImpl.invoke(Unknown Source)
	at java.lang.reflect.Method.invoke(Unknown Source)
	at com.google.cloud.dataflow.sdk.util.InstanceBuilder.buildFromMethod(InstanceBuilder.java:223)
	... 4 more
Caused by: java.lang.RuntimeException: Unable to verify that GCS bucket gs://store-dataflow exists.
	at com.google.cloud.dataflow.sdk.util.DataflowPathValidator.verifyPathIsAccessible(DataflowPathValidator.java:84)
	at com.google.cloud.dataflow.sdk.util.DataflowPathValidator.validateOutputFilePrefixSupported(DataflowPathValidator.java:63)
	at com.google.cloud.dataflow.sdk.runners.DataflowPipelineRunner.fromOptions(DataflowPipelineRunner.java:274)
	at com.google.cloud.dataflow.sdk.runners.BlockingDataflowPipelineRunner.fromOptions(BlockingDataflowPipelineRunner.java:82)
	... 9 more
Caused by: javax.net.ssl.SSLHandshakeException: sun.security.validator.ValidatorException: PKIX path building failed: sun.security.provider.certpath.SunCertPathBuilderException: unable to find valid certification path to requested target
	at sun.security.ssl.Alerts.getSSLException(Unknown Source)
	at sun.security.ssl.SSLSocketImpl.fatal(Unknown Source)
	at sun.security.ssl.Handshaker.fatalSE(Unknown Source)
	at sun.security.ssl.Handshaker.fatalSE(Unknown Source)
	at sun.security.ssl.ClientHandshaker.serverCertificate(Unknown Source)
	at sun.security.ssl.ClientHandshaker.processMessage(Unknown Source)
	at sun.security.ssl.Handshaker.processLoop(Unknown Source)
	at sun.security.ssl.Handshaker.process_record(Unknown Source)
	at sun.security.ssl.SSLSocketImpl.readRecord(Unknown Source)
	at sun.security.ssl.SSLSocketImpl.performInitialHandshake(Unknown Source)
	at sun.security.ssl.SSLSocketImpl.startHandshake(Unknown Source)
	at sun.security.ssl.SSLSocketImpl.startHandshake(Unknown Source)
	at sun.net.www.protocol.https.HttpsClient.afterConnect(Unknown Source)
	at sun.net.www.protocol.https.AbstractDelegateHttpsURLConnection.connect(Unknown Source)
	at sun.net.www.protocol.https.HttpsURLConnectionImpl.connect(Unknown Source)
	at com.google.api.client.http.javanet.NetHttpRequest.execute(NetHttpRequest.java:93)
	at com.google.api.client.http.HttpRequest.execute(HttpRequest.java:981)
	at com.google.api.client.googleapis.services.AbstractGoogleClientRequest.executeUnparsed(AbstractGoogleClientRequest.java:419)
	at com.google.api.client.googleapis.services.AbstractGoogleClientRequest.executeUnparsed(AbstractGoogleClientRequest.java:352)
	at com.google.api.client.googleapis.services.AbstractGoogleClientRequest.execute(AbstractGoogleClientRequest.java:469)
	at com.google.cloud.hadoop.util.ResilientOperation$AbstractGoogleClientRequestExecutor.call(ResilientOperation.java:166)
	at com.google.cloud.hadoop.util.ResilientOperation.retry(ResilientOperation.java:66)
	at com.google.cloud.dataflow.sdk.util.GcsUtil.bucketExists(GcsUtil.java:363)
	at com.google.cloud.dataflow.sdk.util.GcsUtil.bucketExists(GcsUtil.java:347)
	at com.google.cloud.dataflow.sdk.util.DataflowPathValidator.verifyPathIsAccessible(DataflowPathValidator.java:80)
	... 12 more
Caused by: sun.security.validator.ValidatorException: PKIX path building failed: sun.security.provider.certpath.SunCertPathBuilderException: unable to find valid certification path to requested target
	at sun.security.validator.PKIXValidator.doBuild(Unknown Source)
	at sun.security.validator.PKIXValidator.engineValidate(Unknown Source)
	at sun.security.validator.Validator.validate(Unknown Source)
	at sun.security.ssl.X509TrustManagerImpl.validate(Unknown Source)
	at sun.security.ssl.X509TrustManagerImpl.checkTrusted(Unknown Source)
	at sun.security.ssl.X509TrustManagerImpl.checkServerTrusted(Unknown Source)
	... 33 more
Caused by: sun.security.provider.certpath.SunCertPathBuilderException: unable to find valid certification path to requested target
	at sun.security.provider.certpath.SunCertPathBuilder.build(Unknown Source)
	at sun.security.provider.certpath.SunCertPathBuilder.engineBuild(Unknown Source)
	at java.security.cert.CertPathBuilder.build(Unknown Source)
	... 39 more
