May 02, 2017 3:20:45 PM com.google.cloud.hadoop.util.ResilientOperation nextSleep
INFO: Transient exception caught. Sleeping for 107, then retrying.java.net.SocketTimeoutException: connect timed out
May 02, 2017 3:21:05 PM com.google.cloud.hadoop.util.ResilientOperation nextSleep
INFO: Transient exception caught. Sleeping for 346, then retrying.java.net.SocketTimeoutException: connect timed out
May 02, 2017 3:21:26 PM com.google.cloud.hadoop.util.ResilientOperation nextSleep
INFO: Transient exception caught. Sleeping for 343, then retrying.java.net.SocketTimeoutException: connect timed out
May 02, 2017 3:21:46 PM com.google.cloud.hadoop.util.ResilientOperation retry
WARNING: Attempted retries failed.
Exception in thread "main" java.lang.RuntimeException: Failed to construct instance from factory method BlockingDataflowPipelineRunner#fromOptions(interface com.google.cloud.dataflow.sdk.options.PipelineOptions)
	at com.google.cloud.dataflow.sdk.util.InstanceBuilder.buildFromMethod(InstanceBuilder.java:234)
	at com.google.cloud.dataflow.sdk.util.InstanceBuilder.build(InstanceBuilder.java:163)
	at com.google.cloud.dataflow.sdk.runners.PipelineRunner.fromOptions(PipelineRunner.java:58)
	at com.google.cloud.dataflow.sdk.Pipeline.create(Pipeline.java:135)
	at com.google.cloud.dataflow.examples.WordCount.main(WordCount.java:195)
Caused by: java.lang.reflect.InvocationTargetException
	at sun.reflect.NativeMethodAccessorImpl.invoke0(Native Method)
	at sun.reflect.NativeMethodAccessorImpl.invoke(Unknown Source)
	at sun.reflect.DelegatingMethodAccessorImpl.invoke(Unknown Source)
	at java.lang.reflect.Method.invoke(Unknown Source)
	at com.google.cloud.dataflow.sdk.util.InstanceBuilder.buildFromMethod(InstanceBuilder.java:223)
	... 4 more
Caused by: java.lang.RuntimeException: Unable to verify that GCS bucket gs://store-dataflow exists.
	at com.google.cloud.dataflow.sdk.util.DataflowPathValidator.verifyPathIsAccessible(DataflowPathValidator.java:84)
	at com.google.cloud.dataflow.sdk.util.DataflowPathValidator.validateOutputFilePrefixSupported(DataflowPathValidator.java:63)
	at com.google.cloud.dataflow.sdk.runners.DataflowPipelineRunner.fromOptions(DataflowPipelineRunner.java:274)
	at com.google.cloud.dataflow.sdk.runners.BlockingDataflowPipelineRunner.fromOptions(BlockingDataflowPipelineRunner.java:82)
	... 9 more
Caused by: java.net.SocketTimeoutException: connect timed out
	at java.net.DualStackPlainSocketImpl.waitForConnect(Native Method)
	at java.net.DualStackPlainSocketImpl.socketConnect(Unknown Source)
	at java.net.AbstractPlainSocketImpl.doConnect(Unknown Source)
	at java.net.AbstractPlainSocketImpl.connectToAddress(Unknown Source)
	at java.net.AbstractPlainSocketImpl.connect(Unknown Source)
	at java.net.PlainSocketImpl.connect(Unknown Source)
	at java.net.SocksSocketImpl.connect(Unknown Source)
	at java.net.Socket.connect(Unknown Source)
	at sun.security.ssl.SSLSocketImpl.connect(Unknown Source)
	at sun.net.NetworkClient.doConnect(Unknown Source)
	at sun.net.www.http.HttpClient.openServer(Unknown Source)
	at sun.net.www.http.HttpClient.openServer(Unknown Source)
	at sun.net.www.protocol.https.HttpsClient.<init>(Unknown Source)
	at sun.net.www.protocol.https.HttpsClient.New(Unknown Source)
	at sun.net.www.protocol.https.AbstractDelegateHttpsURLConnection.getNewHttpClient(Unknown Source)
	at sun.net.www.protocol.http.HttpURLConnection.plainConnect0(Unknown Source)
	at sun.net.www.protocol.http.HttpURLConnection.plainConnect(Unknown Source)
	at sun.net.www.protocol.https.AbstractDelegateHttpsURLConnection.connect(Unknown Source)
	at sun.net.www.protocol.http.HttpURLConnection.getOutputStream0(Unknown Source)
	at sun.net.www.protocol.http.HttpURLConnection.getOutputStream(Unknown Source)
	at sun.net.www.protocol.https.HttpsURLConnectionImpl.getOutputStream(Unknown Source)
	at com.google.api.client.http.javanet.NetHttpRequest.execute(NetHttpRequest.java:77)
	at com.google.api.client.http.HttpRequest.execute(HttpRequest.java:981)
	at com.google.api.client.auth.oauth2.TokenRequest.executeUnparsed(TokenRequest.java:283)
	at com.google.api.client.auth.oauth2.TokenRequest.execute(TokenRequest.java:307)
	at com.google.api.client.googleapis.auth.oauth2.GoogleCredential.executeRefreshToken(GoogleCredential.java:384)
	at com.google.api.client.auth.oauth2.Credential.refreshToken(Credential.java:489)
	at com.google.api.client.auth.oauth2.Credential.intercept(Credential.java:217)
	at com.google.cloud.hadoop.util.ChainingHttpRequestInitializer$2.intercept(ChainingHttpRequestInitializer.java:98)
	at com.google.api.client.http.HttpRequest.execute(HttpRequest.java:868)
	at com.google.api.client.googleapis.services.AbstractGoogleClientRequest.executeUnparsed(AbstractGoogleClientRequest.java:419)
	at com.google.api.client.googleapis.services.AbstractGoogleClientRequest.executeUnparsed(AbstractGoogleClientRequest.java:352)
	at com.google.api.client.googleapis.services.AbstractGoogleClientRequest.execute(AbstractGoogleClientRequest.java:469)
	at com.google.cloud.hadoop.util.ResilientOperation$AbstractGoogleClientRequestExecutor.call(ResilientOperation.java:166)
	at com.google.cloud.hadoop.util.ResilientOperation.retry(ResilientOperation.java:66)
	at com.google.cloud.dataflow.sdk.util.GcsUtil.bucketExists(GcsUtil.java:363)
	at com.google.cloud.dataflow.sdk.util.GcsUtil.bucketExists(GcsUtil.java:347)
	at com.google.cloud.dataflow.sdk.util.DataflowPathValidator.verifyPathIsAccessible(DataflowPathValidator.java:80)
	... 12 more
